<?xml version="1.0" encoding="UTF-8"?>
<!-- Generated by org.testng.reporters.JUnitXMLReporter -->
<testsuite hostname="CNCDUW0045" ignored="1" name="Test" tests="8" failures="4" timestamp="02 Aug 2018 06:36:25 GMT" time="1.404" errors="0">
  <testcase name="testLogin1" time="0.147" classname="com.uiFramework.companyName.projectName.testScripts.Test1"/>
  <testcase name="testLogin2" time="0.028" classname="com.uiFramework.companyName.projectName.testScripts.Test1">
    <failure type="java.lang.AssertionError" message="expected [true] but found [false]">
      <![CDATA[java.lang.AssertionError: expected [true] but found [false]
at com.uiFramework.companyName.projectName.helper.assertion.AssertionHelper.makeFalse(AssertionHelper.java:30)
at com.uiFramework.companyName.projectName.testScripts.Test1.testLogin2(Test1.java:17)
... Removed 29 stack frames]]>
    </failure>
  </testcase> <!-- testLogin2 -->
  <testcase name="testLogin3" time="0.007" classname="com.uiFramework.companyName.projectName.testScripts.Test1"/>
  <testcase name="testLogin4" time="0.006" classname="com.uiFramework.companyName.projectName.testScripts.Test1">
    <failure type="java.lang.AssertionError" message="expected [true] but found [false]">
      <![CDATA[java.lang.AssertionError: expected [true] but found [false]
at com.uiFramework.companyName.projectName.helper.assertion.AssertionHelper.makeFalse(AssertionHelper.java:30)
at com.uiFramework.companyName.projectName.testScripts.Test1.testLogin4(Test1.java:27)
... Removed 29 stack frames]]>
    </failure>
  </testcase> <!-- testLogin4 -->
  <testcase name="testLogin1" time="0.002" classname="com.uiFramework.companyName.projectName.testScripts.Test2"/>
  <testcase name="testLogin2" time="0.002" classname="com.uiFramework.companyName.projectName.testScripts.Test2">
    <failure type="java.lang.AssertionError" message="expected [true] but found [false]">
      <![CDATA[java.lang.AssertionError: expected [true] but found [false]
at com.uiFramework.companyName.projectName.helper.assertion.AssertionHelper.makeFalse(AssertionHelper.java:30)
at com.uiFramework.companyName.projectName.testScripts.Test2.testLogin2(Test2.java:17)
... Removed 29 stack frames]]>
    </failure>
  </testcase> <!-- testLogin2 -->
  <testcase name="testLogin3" time="0.001" classname="com.uiFramework.companyName.projectName.testScripts.Test2"/>
  <testcase name="testLogin4" time="0.002" classname="com.uiFramework.companyName.projectName.testScripts.Test2">
    <failure type="java.lang.AssertionError" message="expected [true] but found [false]">
      <![CDATA[java.lang.AssertionError: expected [true] but found [false]
at com.uiFramework.companyName.projectName.helper.assertion.AssertionHelper.makeFalse(AssertionHelper.java:30)
at com.uiFramework.companyName.projectName.testScripts.Test2.testLogin4(Test2.java:27)
... Removed 29 stack frames]]>
    </failure>
  </testcase> <!-- testLogin4 -->
  <testcase name="@BeforeSuite beforeSuite" time="0.0" classname="com.uiFramework.companyName.projectName.testbase.TestBase">
    <ignored/>
  </testcase> <!-- @BeforeSuite beforeSuite -->
</testsuite> <!-- Test -->
