<?xml version="1.0" encoding="UTF-8"?>
<!-- Generated by org.testng.reporters.JUnitXMLReporter -->
<testsuite hostname="CNCDUW0045" ignored="3" name="Test" tests="8" failures="4" timestamp="05 Sep 2018 07:42:31 GMT" time="11.282" errors="0">
  <testcase name="testLogin1" time="0.033" classname="com.uiFramework.companyName.projectName.testScripts.Test1"/>
  <testcase name="testLogin2" time="0.011" classname="com.uiFramework.companyName.projectName.testScripts.Test1">
    <failure type="java.lang.AssertionError" message="expected [true] but found [false]">
      <![CDATA[java.lang.AssertionError: expected [true] but found [false]
at com.uiFramework.companyName.projectName.helper.assertion.AssertionHelper.makeFalse(AssertionHelper.java:30)
at com.uiFramework.companyName.projectName.testScripts.Test1.testLogin2(Test1.java:17)
... Removed 29 stack frames]]>
    </failure>
  </testcase> <!-- testLogin2 -->
  <testcase name="testLogin3" time="0.008" classname="com.uiFramework.companyName.projectName.testScripts.Test1"/>
  <testcase name="testLogin4" time="0.003" classname="com.uiFramework.companyName.projectName.testScripts.Test1">
    <failure type="java.lang.AssertionError" message="expected [true] but found [false]">
      <![CDATA[java.lang.AssertionError: expected [true] but found [false]
at com.uiFramework.companyName.projectName.helper.assertion.AssertionHelper.makeFalse(AssertionHelper.java:30)
at com.uiFramework.companyName.projectName.testScripts.Test1.testLogin4(Test1.java:27)
... Removed 29 stack frames]]>
    </failure>
  </testcase> <!-- testLogin4 -->
  <testcase name="testLogin1" time="0.004" classname="com.uiFramework.companyName.projectName.testScripts.Test2"/>
  <testcase name="testLogin2" time="0.007" classname="com.uiFramework.companyName.projectName.testScripts.Test2">
    <failure type="java.lang.AssertionError" message="expected [true] but found [false]">
      <![CDATA[java.lang.AssertionError: expected [true] but found [false]
at com.uiFramework.companyName.projectName.helper.assertion.AssertionHelper.makeFalse(AssertionHelper.java:30)
at com.uiFramework.companyName.projectName.testScripts.Test2.testLogin2(Test2.java:17)
... Removed 29 stack frames]]>
    </failure>
  </testcase> <!-- testLogin2 -->
  <testcase name="testLogin3" time="0.003" classname="com.uiFramework.companyName.projectName.testScripts.Test2"/>
  <testcase name="testLogin4" time="0.002" classname="com.uiFramework.companyName.projectName.testScripts.Test2">
    <failure type="java.lang.AssertionError" message="expected [true] but found [false]">
      <![CDATA[java.lang.AssertionError: expected [true] but found [false]
at com.uiFramework.companyName.projectName.helper.assertion.AssertionHelper.makeFalse(AssertionHelper.java:30)
at com.uiFramework.companyName.projectName.testScripts.Test2.testLogin4(Test2.java:27)
... Removed 29 stack frames]]>
    </failure>
  </testcase> <!-- testLogin4 -->
  <testcase name="@AfterTest afterTest" time="0.0" classname="com.uiFramework.companyName.projectName.testbase.TestBase">
    <ignored/>
  </testcase> <!-- @AfterTest afterTest -->
  <testcase name="@BeforeTest beforeTest" time="0.0" classname="com.uiFramework.companyName.projectName.testbase.TestBase">
    <ignored/>
  </testcase> <!-- @BeforeTest beforeTest -->
  <testcase name="@BeforeSuite beforeSuite" time="0.0" classname="com.uiFramework.companyName.projectName.testbase.TestBase">
    <ignored/>
  </testcase> <!-- @BeforeSuite beforeSuite -->
</testsuite> <!-- Test -->
