<?xml version="1.0" encoding="UTF-8"?>
<!-- Generated by org.testng.reporters.JUnitXMLReporter -->
<testsuite hostname="CNCDUW0045" ignored="0" name="PLP Test" tests="4" failures="2" timestamp="07 Aug 2018 02:17:43 GMT" time="8.312" errors="0">
  <testcase name="testLogin1" time="0.077" classname="com.uiFramework.companyName.projectName.testScripts.Test1"/>
  <testcase name="testLogin2" time="0.003" classname="com.uiFramework.companyName.projectName.testScripts.Test1">
    <failure type="java.lang.AssertionError" message="expected [true] but found [false]">
      <![CDATA[java.lang.AssertionError: expected [true] but found [false]
at com.uiFramework.companyName.projectName.helper.assertion.AssertionHelper.makeFalse(AssertionHelper.java:30)
at com.uiFramework.companyName.projectName.testScripts.Test1.testLogin2(Test1.java:17)
... Removed 29 stack frames]]>
    </failure>
  </testcase> <!-- testLogin2 -->
  <testcase name="testLogin3" time="0.002" classname="com.uiFramework.companyName.projectName.testScripts.Test1"/>
  <testcase name="testLogin4" time="0.007" classname="com.uiFramework.companyName.projectName.testScripts.Test1">
    <failure type="java.lang.AssertionError" message="expected [true] but found [false]">
      <![CDATA[java.lang.AssertionError: expected [true] but found [false]
at com.uiFramework.companyName.projectName.helper.assertion.AssertionHelper.makeFalse(AssertionHelper.java:30)
at com.uiFramework.companyName.projectName.testScripts.Test1.testLogin4(Test1.java:27)
... Removed 29 stack frames]]>
    </failure>
  </testcase> <!-- testLogin4 -->
</testsuite> <!-- PLP Test -->
