<?xml version="1.0" encoding="UTF-8"?>
<!-- Generated by org.testng.reporters.JUnitXMLReporter -->
<testsuite hostname="CNCDUW0045" ignored="0" name="second test" tests="1" failures="1" timestamp="07 Aug 2018 03:09:40 GMT" time="4.987" errors="0">
  <testcase name="testLogin" time="0.005" classname="com.uiFramework.B">
    <failure type="java.lang.AssertionError" message="expected [true] but found [false]">
      <![CDATA[java.lang.AssertionError: expected [true] but found [false]
at com.uiFramework.B.testLogin(B.java:17)
... Removed 29 stack frames]]>
    </failure>
  </testcase> <!-- testLogin -->
</testsuite> <!-- second test -->
